<?xml version="1.0" encoding="UTF-8"?>
<testsuite name="de.tomgrill.gdxtesting.examples.AssetExistsExampleTest" tests="1" skipped="0" failures="1" errors="0" timestamp="2021-12-30T10:54:39" hostname="LAPTOP-CTFBHKTT" time="0.013">
  <properties/>
  <testcase name="badlogicLogoFileExists" classname="de.tomgrill.gdxtesting.examples.AssetExistsExampleTest" time="0.013">
    <failure message="com.badlogic.gdx.utils.GdxRuntimeException: Couldn't load shared library 'gdx-freetype64.dll' for target: Windows 10, 64-bit" type="com.badlogic.gdx.utils.GdxRuntimeException">com.badlogic.gdx.utils.GdxRuntimeException: Couldn't load shared library 'gdx-freetype64.dll' for target: Windows 10, 64-bit
	at com.badlogic.gdx.utils.SharedLibraryLoader.load(SharedLibraryLoader.java:126)
	at com.badlogic.gdx.graphics.g2d.freetype.FreeType.initFreeType(FreeType.java:924)
	at com.badlogic.gdx.graphics.g2d.freetype.FreeTypeFontGenerator.&lt;init&gt;(FreeTypeFontGenerator.java:95)
	at com.badlogic.gdx.graphics.g2d.freetype.FreeTypeFontGenerator.&lt;init&gt;(FreeTypeFontGenerator.java:87)
	at com.sikesik.game.Assets.generateFont(Assets.java:71)
	at com.sikesik.game.Assets.load(Assets.java:33)
	at de.tomgrill.gdxtesting.examples.AssetExistsExampleTest.badlogicLogoFileExists(AssetExistsExampleTest.java:34)
	at java.base/jdk.internal.reflect.NativeMethodAccessorImpl.invoke0(Native Method)
	at java.base/jdk.internal.reflect.NativeMethodAccessorImpl.invoke(NativeMethodAccessorImpl.java:62)
	at java.base/jdk.internal.reflect.DelegatingMethodAccessorImpl.invoke(DelegatingMethodAccessorImpl.java:43)
	at java.base/java.lang.reflect.Method.invoke(Method.java:566)
	at org.junit.runners.model.FrameworkMethod$1.runReflectiveCall(FrameworkMethod.java:59)
	at org.junit.internal.runners.model.ReflectiveCallable.run(ReflectiveCallable.java:12)
	at org.junit.runners.model.FrameworkMethod.invokeExplosively(FrameworkMethod.java:56)
	at org.junit.internal.runners.statements.InvokeMethod.evaluate(InvokeMethod.java:17)
	at org.junit.runners.ParentRunner$3.evaluate(ParentRunner.java:306)
	at org.junit.runners.BlockJUnit4ClassRunner$1.evaluate(BlockJUnit4ClassRunner.java:100)
	at org.junit.runners.ParentRunner.runLeaf(ParentRunner.java:366)
	at org.junit.runners.BlockJUnit4ClassRunner.runChild(BlockJUnit4ClassRunner.java:103)
	at de.tomgrill.gdxtesting.GdxTestRunner.render(GdxTestRunner.java:59)
	at com.badlogic.gdx.backends.headless.HeadlessApplication.mainLoop(HeadlessApplication.java:128)
	at com.badlogic.gdx.backends.headless.HeadlessApplication$1.run(HeadlessApplication.java:94)
Caused by: com.badlogic.gdx.utils.GdxRuntimeException: Unable to read file for extraction: gdx-freetype64.dll
	at com.badlogic.gdx.utils.SharedLibraryLoader.readFile(SharedLibraryLoader.java:134)
	at com.badlogic.gdx.utils.SharedLibraryLoader.loadFile(SharedLibraryLoader.java:290)
	at com.badlogic.gdx.utils.SharedLibraryLoader.load(SharedLibraryLoader.java:122)
	... 21 more
</failure>
  </testcase>
  <system-out><![CDATA[]]></system-out>
  <system-err><![CDATA[]]></system-err>
</testsuite>
